2023-12-02 16:21:11 INFO  ebanking:18 - Entered username
2023-12-02 16:21:11 INFO  ebanking:20 - Entered password
2023-12-02 16:21:17 INFO  ebanking:18 - Entered username
2023-12-02 16:21:17 INFO  ebanking:20 - Entered password
2023-12-02 16:21:23 INFO  ebanking:18 - Entered username
2023-12-02 16:21:23 INFO  ebanking:20 - Entered password
2023-12-02 16:21:29 INFO  ebanking:18 - Entered username
2023-12-02 16:21:30 INFO  ebanking:20 - Entered password
2023-12-02 16:21:35 INFO  ebanking:35 - Login test passed
2023-12-02 16:21:35 INFO  ebanking:36 - **********
2023-12-12 23:52:03 INFO  ebanking:14 - Logging in
2023-12-12 23:52:10 INFO  ebanking:19 - User logged in
2023-12-12 23:52:12 INFO  ebanking:24 - Click on the add new customer btn
2023-12-12 23:52:12 INFO  ebanking:26 - Enter customer name
2023-12-12 23:52:16 INFO  ebanking:28 - Enter customer gender
2023-12-12 23:52:16 INFO  ebanking:30 - Enter customer dob
2023-12-12 23:52:16 INFO  ebanking:32 - Enter customer address
2023-12-12 23:52:16 INFO  ebanking:34 - Enter customer city
2023-12-12 23:52:16 INFO  ebanking:36 - Enter customer state
2023-12-12 23:52:17 INFO  ebanking:38 - Enter customer pin code
2023-12-12 23:52:17 INFO  ebanking:40 - Enter customer telephone number
2023-12-12 23:52:17 INFO  ebanking:42 - Enter customer email
2023-12-12 23:52:17 INFO  ebanking:44 - Enter customer password
2023-12-12 23:52:17 INFO  ebanking:46 - Click submit btn
2023-12-12 23:57:10 INFO  ebanking:14 - Logging in
2023-12-12 23:57:14 INFO  ebanking:19 - User logged in
2023-12-12 23:57:15 INFO  ebanking:24 - Click on the add new customer btn
2023-12-12 23:57:15 INFO  ebanking:26 - Enter customer name
2023-12-12 23:57:18 INFO  ebanking:28 - Enter customer gender
2023-12-12 23:57:18 INFO  ebanking:30 - Enter customer dob
2023-12-12 23:57:18 INFO  ebanking:32 - Enter customer address
2023-12-12 23:57:19 INFO  ebanking:34 - Enter customer city
2023-12-12 23:57:19 INFO  ebanking:36 - Enter customer state
2023-12-12 23:57:19 INFO  ebanking:38 - Enter customer pin code
2023-12-12 23:57:19 INFO  ebanking:40 - Enter customer telephone number
2023-12-12 23:57:19 INFO  ebanking:42 - Enter customer email
2023-12-12 23:57:19 INFO  ebanking:44 - Enter customer password
2023-12-12 23:57:19 INFO  ebanking:46 - Click submit btn
2023-12-12 23:57:55 INFO  ebanking:14 - Logging in
2023-12-12 23:58:00 INFO  ebanking:19 - User logged in
2023-12-12 23:58:01 INFO  ebanking:24 - Click on the add new customer btn
2023-12-12 23:58:01 INFO  ebanking:26 - Enter customer name
2023-12-12 23:58:04 INFO  ebanking:28 - Enter customer gender
2023-12-12 23:58:04 INFO  ebanking:30 - Enter customer dob
2023-12-12 23:58:04 INFO  ebanking:32 - Enter customer address
2023-12-12 23:58:04 INFO  ebanking:34 - Enter customer city
2023-12-12 23:58:04 INFO  ebanking:36 - Enter customer state
2023-12-12 23:58:04 INFO  ebanking:38 - Enter customer pin code
2023-12-12 23:58:04 INFO  ebanking:40 - Enter customer telephone number
2023-12-12 23:58:04 INFO  ebanking:42 - Enter customer email
2023-12-12 23:58:05 INFO  ebanking:44 - Enter customer password
2023-12-12 23:58:05 INFO  ebanking:46 - Click submit btn
2023-12-12 23:58:27 INFO  ebanking:14 - Logging in
2023-12-12 23:58:31 INFO  ebanking:19 - User logged in
2023-12-12 23:58:32 INFO  ebanking:24 - Click on the add new customer btn
2023-12-12 23:58:32 INFO  ebanking:26 - Enter customer name
2023-12-12 23:58:36 INFO  ebanking:28 - Enter customer gender
2023-12-12 23:58:36 INFO  ebanking:30 - Enter customer dob
2023-12-12 23:58:36 INFO  ebanking:32 - Enter customer address
2023-12-12 23:58:36 INFO  ebanking:34 - Enter customer city
2023-12-12 23:58:36 INFO  ebanking:36 - Enter customer state
2023-12-12 23:58:36 INFO  ebanking:38 - Enter customer pin code
2023-12-12 23:58:36 INFO  ebanking:40 - Enter customer telephone number
2023-12-12 23:58:36 INFO  ebanking:42 - Enter customer email
2023-12-12 23:58:37 INFO  ebanking:44 - Enter customer password
2023-12-12 23:58:37 INFO  ebanking:46 - Click submit btn
2023-12-12 23:59:28 INFO  ebanking:14 - Logging in
2023-12-12 23:59:32 INFO  ebanking:19 - User logged in
2023-12-12 23:59:33 INFO  ebanking:24 - Click on the add new customer btn
2023-12-12 23:59:33 INFO  ebanking:26 - Enter customer name
2023-12-12 23:59:35 INFO  ebanking:28 - Enter customer gender
2023-12-12 23:59:36 INFO  ebanking:30 - Enter customer dob
2023-12-12 23:59:36 INFO  ebanking:32 - Enter customer address
2023-12-12 23:59:36 INFO  ebanking:34 - Enter customer city
2023-12-12 23:59:36 INFO  ebanking:36 - Enter customer state
2023-12-12 23:59:36 INFO  ebanking:38 - Enter customer pin code
2023-12-12 23:59:36 INFO  ebanking:40 - Enter customer telephone number
2023-12-12 23:59:36 INFO  ebanking:42 - Enter customer email
2023-12-12 23:59:36 INFO  ebanking:44 - Enter customer password
2023-12-12 23:59:36 INFO  ebanking:46 - Click submit btn
2023-12-13 00:03:11 INFO  ebanking:14 - URL is opened
2023-12-13 00:03:11 INFO  ebanking:17 - Entered username
2023-12-13 00:03:11 INFO  ebanking:19 - Entered password
2023-12-13 00:03:15 INFO  ebanking:26 - Login test passed
2023-12-13 00:03:15 INFO  ebanking:27 - **********
2023-12-13 00:03:21 INFO  ebanking:18 - Entered username
2023-12-13 00:03:21 INFO  ebanking:20 - Entered password
2023-12-13 00:03:26 INFO  ebanking:18 - Entered username
2023-12-13 00:03:26 INFO  ebanking:20 - Entered password
2023-12-13 00:03:32 INFO  ebanking:18 - Entered username
2023-12-13 00:03:32 INFO  ebanking:20 - Entered password
2023-12-13 00:03:37 INFO  ebanking:18 - Entered username
2023-12-13 00:03:37 INFO  ebanking:20 - Entered password
2023-12-13 00:03:42 INFO  ebanking:35 - Login test passed
2023-12-13 00:03:42 INFO  ebanking:36 - **********
2023-12-13 00:03:49 INFO  ebanking:14 - Logging in
2023-12-13 00:03:54 INFO  ebanking:19 - User logged in
2023-12-13 00:03:55 INFO  ebanking:24 - Click on the add new customer btn
2023-12-13 00:03:55 INFO  ebanking:26 - Enter customer name
2023-12-13 00:04:00 INFO  ebanking:28 - Enter customer gender
2023-12-13 00:04:00 INFO  ebanking:30 - Enter customer dob
2023-12-13 00:04:00 INFO  ebanking:32 - Enter customer address
2023-12-13 00:04:00 INFO  ebanking:34 - Enter customer city
2023-12-13 00:04:01 INFO  ebanking:36 - Enter customer state
2023-12-13 00:04:01 INFO  ebanking:38 - Enter customer pin code
2023-12-13 00:04:01 INFO  ebanking:40 - Enter customer telephone number
2023-12-13 00:04:01 INFO  ebanking:42 - Enter customer email
2023-12-13 00:04:01 INFO  ebanking:44 - Enter customer password
2023-12-13 00:04:01 INFO  ebanking:46 - Click submit btn
2023-12-13 00:08:08 INFO  ebanking:14 - URL is opened
2023-12-13 00:08:08 INFO  ebanking:17 - Entered username
2023-12-13 00:08:08 INFO  ebanking:19 - Entered password
2023-12-13 00:08:12 INFO  ebanking:26 - Login test passed
2023-12-13 00:08:12 INFO  ebanking:27 - **********
2023-12-13 00:08:17 INFO  ebanking:18 - Entered username
2023-12-13 00:08:17 INFO  ebanking:20 - Entered password
2023-12-13 00:08:23 INFO  ebanking:18 - Entered username
2023-12-13 00:08:23 INFO  ebanking:20 - Entered password
2023-12-13 00:08:28 INFO  ebanking:18 - Entered username
2023-12-13 00:08:28 INFO  ebanking:20 - Entered password
2023-12-13 00:08:33 INFO  ebanking:18 - Entered username
2023-12-13 00:08:33 INFO  ebanking:20 - Entered password
2023-12-13 00:08:38 INFO  ebanking:35 - Login test passed
2023-12-13 00:08:38 INFO  ebanking:36 - **********
2023-12-13 00:08:44 INFO  ebanking:14 - Logging in
2023-12-13 00:08:49 INFO  ebanking:19 - User logged in
2023-12-13 00:08:50 INFO  ebanking:24 - Click on the add new customer btn
2023-12-13 00:08:50 INFO  ebanking:26 - Enter customer name
2023-12-13 00:08:55 INFO  ebanking:28 - Enter customer gender
2023-12-13 00:08:55 INFO  ebanking:30 - Enter customer dob
2023-12-13 00:08:55 INFO  ebanking:32 - Enter customer address
2023-12-13 00:08:55 INFO  ebanking:34 - Enter customer city
2023-12-13 00:08:55 INFO  ebanking:36 - Enter customer state
2023-12-13 00:08:55 INFO  ebanking:38 - Enter customer pin code
2023-12-13 00:08:55 INFO  ebanking:40 - Enter customer telephone number
2023-12-13 00:08:55 INFO  ebanking:42 - Enter customer email
2023-12-13 00:08:55 INFO  ebanking:44 - Enter customer password
2023-12-13 00:08:55 INFO  ebanking:46 - Click submit btn
2023-12-13 02:21:12 INFO  ebanking:14 - URL is opened
2023-12-13 02:21:12 INFO  ebanking:17 - Entered username
2023-12-13 02:21:12 INFO  ebanking:19 - Entered password
2023-12-13 02:21:19 INFO  ebanking:26 - Login test passed
2023-12-13 02:21:19 INFO  ebanking:27 - **********
2023-12-13 02:21:24 INFO  ebanking:14 - Logging in
2023-12-13 02:21:28 INFO  ebanking:19 - User logged in
2023-12-13 02:21:29 INFO  ebanking:24 - Click on the add new customer btn
2023-12-13 02:21:29 INFO  ebanking:26 - Enter customer name
2023-12-13 02:21:32 INFO  ebanking:28 - Enter customer gender
2023-12-13 02:21:32 INFO  ebanking:30 - Enter customer dob
2023-12-13 02:21:32 INFO  ebanking:32 - Enter customer address
2023-12-13 02:21:32 INFO  ebanking:34 - Enter customer city
2023-12-13 02:21:33 INFO  ebanking:36 - Enter customer state
2023-12-13 02:21:33 INFO  ebanking:38 - Enter customer pin code
2023-12-13 02:21:33 INFO  ebanking:40 - Enter customer telephone number
2023-12-13 02:21:33 INFO  ebanking:42 - Enter customer email
2023-12-13 02:21:33 INFO  ebanking:44 - Enter customer password
2023-12-13 02:21:33 INFO  ebanking:46 - Click submit btn
2023-12-13 02:26:51 INFO  ebanking:14 - Logging in
2023-12-13 02:26:56 INFO  ebanking:19 - User logged in
2023-12-13 02:26:57 INFO  ebanking:24 - Click on the add new customer btn
2023-12-13 02:26:57 INFO  ebanking:26 - Enter customer name
2023-12-13 02:27:01 INFO  ebanking:28 - Enter customer gender
2023-12-13 02:27:01 INFO  ebanking:30 - Enter customer dob
2023-12-13 02:27:01 INFO  ebanking:32 - Enter customer address
2023-12-13 02:27:01 INFO  ebanking:34 - Enter customer city
2023-12-13 02:27:02 INFO  ebanking:36 - Enter customer state
2023-12-13 02:27:02 INFO  ebanking:38 - Enter customer pin code
2023-12-13 02:27:02 INFO  ebanking:40 - Enter customer telephone number
2023-12-13 02:27:02 INFO  ebanking:42 - Enter customer email
2023-12-13 02:27:02 INFO  ebanking:44 - Enter customer password
2023-12-13 02:27:02 INFO  ebanking:46 - Click submit btn
2023-12-13 02:48:15 INFO  ebanking:14 - Logging in
2023-12-13 02:48:20 INFO  ebanking:19 - User logged in
2023-12-13 02:48:21 INFO  ebanking:24 - Click on the add new customer btn
2023-12-13 02:48:22 INFO  ebanking:26 - Enter customer name
2023-12-13 02:48:22 INFO  ebanking:28 - Enter customer gender
2023-12-13 02:48:22 INFO  ebanking:30 - Enter customer dob
2023-12-13 02:48:23 INFO  ebanking:32 - Enter customer address
2023-12-13 02:48:23 INFO  ebanking:34 - Enter customer city
2023-12-13 02:48:23 INFO  ebanking:36 - Enter customer state
2023-12-13 02:48:24 INFO  ebanking:38 - Enter customer pin code
2023-12-13 02:48:24 INFO  ebanking:40 - Enter customer telephone number
2023-12-13 02:48:24 INFO  ebanking:42 - Enter customer email
2023-12-13 02:48:24 INFO  ebanking:44 - Enter customer password
2023-12-13 02:48:24 INFO  ebanking:46 - Click submit btn
2023-12-13 02:48:31 INFO  ebanking:55 - Customer Registered Successfully!!!
2023-12-13 03:07:27 INFO  ebanking:14 - Logging in
2023-12-13 03:07:32 INFO  ebanking:19 - User logged in
2023-12-13 03:07:33 INFO  ebanking:24 - Click on the add new customer btn
2023-12-13 03:07:33 INFO  ebanking:26 - Enter customer name
2023-12-13 03:07:35 INFO  ebanking:28 - Enter customer gender
2023-12-13 03:07:36 INFO  ebanking:30 - Enter customer dob
2023-12-13 03:07:36 INFO  ebanking:32 - Enter customer address
2023-12-13 03:07:36 INFO  ebanking:34 - Enter customer city
2023-12-13 03:07:36 INFO  ebanking:36 - Enter customer state
2023-12-13 03:07:36 INFO  ebanking:38 - Enter customer pin code
2023-12-13 03:07:36 INFO  ebanking:40 - Enter customer telephone number
2023-12-13 03:07:36 INFO  ebanking:42 - Enter customer email
2023-12-13 03:07:36 INFO  ebanking:44 - Enter customer password
2023-12-13 03:07:37 INFO  ebanking:46 - Click submit btn
2023-12-13 03:07:43 INFO  ebanking:55 - Customer Registered Successfully!!!
2023-12-13 07:38:43 INFO  ebanking:14 - Logging in
2023-12-13 07:43:58 INFO  ebanking:14 - Logging in
2023-12-13 17:25:56 INFO  ebanking:14 - URL is opened
2023-12-13 17:25:56 INFO  ebanking:17 - Entered username
2023-12-13 17:25:56 INFO  ebanking:19 - Entered password
2023-12-13 17:25:58 INFO  ebanking:26 - Login test passed
2023-12-13 17:25:58 INFO  ebanking:27 - **********
2023-12-13 17:26:52 INFO  ebanking:14 - URL is opened
2023-12-13 17:26:52 INFO  ebanking:17 - Entered username
2023-12-13 17:26:52 INFO  ebanking:19 - Entered password
2023-12-13 17:26:53 INFO  ebanking:26 - Login test passed
2023-12-13 17:26:53 INFO  ebanking:27 - **********
2023-12-13 17:28:11 INFO  ebanking:14 - URL is opened
2023-12-13 17:28:11 INFO  ebanking:17 - Entered username
2023-12-13 17:28:11 INFO  ebanking:19 - Entered password
2023-12-13 17:28:12 INFO  ebanking:26 - Login test passed
2023-12-13 17:28:12 INFO  ebanking:27 - **********
2023-12-13 17:28:17 INFO  ebanking:14 - Logging in
2023-12-13 17:28:21 INFO  ebanking:19 - User logged in
2023-12-13 17:28:22 INFO  ebanking:24 - Click on the add new customer btn
2023-12-13 17:28:22 INFO  ebanking:26 - Enter customer name
2023-12-13 17:33:47 INFO  ebanking:14 - URL is opened
2023-12-13 17:33:47 INFO  ebanking:17 - Entered username
2023-12-13 17:33:47 INFO  ebanking:19 - Entered password
2023-12-13 17:33:48 INFO  ebanking:26 - Login test passed
2023-12-13 17:33:48 INFO  ebanking:27 - **********
2023-12-13 17:33:55 INFO  ebanking:14 - Logging in
2023-12-13 17:33:56 INFO  ebanking:18 - User logged in
2023-12-13 17:33:56 INFO  ebanking:22 - Click on the add new customer btn
2023-12-13 17:33:57 INFO  ebanking:24 - Enter customer name
2023-12-13 17:33:57 INFO  ebanking:26 - Enter customer gender
2023-12-13 17:33:57 INFO  ebanking:28 - Enter customer dob
2023-12-13 17:33:57 INFO  ebanking:30 - Enter customer address
2023-12-13 17:33:57 INFO  ebanking:32 - Enter customer city
2023-12-13 17:33:58 INFO  ebanking:34 - Enter customer state
2023-12-13 17:33:58 INFO  ebanking:36 - Enter customer pin code
2023-12-13 17:33:58 INFO  ebanking:38 - Enter customer telephone number
2023-12-13 17:33:58 INFO  ebanking:40 - Enter customer email
2023-12-13 17:33:58 INFO  ebanking:42 - Enter customer password
2023-12-13 17:33:58 INFO  ebanking:44 - Click submit btn
2023-12-13 17:33:59 INFO  ebanking:51 - Customer Registered Successfully!!!
2023-12-13 18:31:30 INFO  ebanking:14 - URL is opened
2023-12-13 18:31:30 INFO  ebanking:17 - Entered username
2023-12-13 18:31:30 INFO  ebanking:19 - Entered password
2023-12-13 18:31:33 INFO  ebanking:26 - Login test passed
2023-12-13 18:31:33 INFO  ebanking:27 - **********
2023-12-13 18:31:39 INFO  ebanking:14 - Logging in
2023-12-13 18:31:42 INFO  ebanking:18 - User logged in
2023-12-13 18:31:42 INFO  ebanking:22 - Click on the add new customer btn
2023-12-13 18:31:43 INFO  ebanking:24 - Enter customer name
2023-12-13 18:31:43 INFO  ebanking:26 - Enter customer gender
2023-12-13 18:31:43 INFO  ebanking:28 - Enter customer dob
2023-12-13 18:31:43 INFO  ebanking:30 - Enter customer address
2023-12-13 18:31:44 INFO  ebanking:32 - Enter customer city
2023-12-13 18:31:44 INFO  ebanking:34 - Enter customer state
2023-12-13 18:31:44 INFO  ebanking:36 - Enter customer pin code
2023-12-13 18:31:44 INFO  ebanking:38 - Enter customer telephone number
2023-12-13 18:31:44 INFO  ebanking:40 - Enter customer email
2023-12-13 18:31:44 INFO  ebanking:42 - Enter customer password
2023-12-13 18:31:45 INFO  ebanking:44 - Click submit btn
2023-12-13 18:36:19 INFO  ebanking:14 - URL is opened
2023-12-13 18:36:19 INFO  ebanking:17 - Entered username
2023-12-13 18:36:19 INFO  ebanking:19 - Entered password
2023-12-13 18:36:21 INFO  ebanking:26 - Login test passed
2023-12-13 18:36:21 INFO  ebanking:27 - **********
2023-12-13 18:36:26 INFO  ebanking:14 - Logging in
2023-12-13 18:36:27 INFO  ebanking:18 - User logged in
2023-12-13 18:36:27 INFO  ebanking:24 - Click on the add new customer btn
2023-12-13 18:36:28 INFO  ebanking:26 - Enter customer name: rpzIKNCq
2023-12-13 18:36:28 INFO  ebanking:28 - Enter customer gender
2023-12-13 18:36:28 INFO  ebanking:30 - Enter customer dob
2023-12-13 18:36:28 INFO  ebanking:32 - Enter customer address
2023-12-13 18:36:28 INFO  ebanking:34 - Enter customer city
2023-12-13 18:36:29 INFO  ebanking:36 - Enter customer state
2023-12-13 18:36:29 INFO  ebanking:38 - Enter customer pin code
2023-12-13 18:36:29 INFO  ebanking:40 - Enter customer telephone number
2023-12-13 18:36:29 INFO  ebanking:42 - Enter customer email
2023-12-13 18:36:29 INFO  ebanking:44 - Enter customer password
2023-12-13 18:36:29 INFO  ebanking:46 - Click submit btn
2023-12-13 18:39:51 INFO  ebanking:14 - URL is opened
2023-12-13 18:39:51 INFO  ebanking:17 - Entered username
2023-12-13 18:39:51 INFO  ebanking:19 - Entered password
2023-12-13 18:39:52 INFO  ebanking:26 - Login test passed
2023-12-13 18:39:52 INFO  ebanking:27 - **********
2023-12-13 18:39:58 INFO  ebanking:14 - Logging in
2023-12-13 18:40:00 INFO  ebanking:18 - User logged in
2023-12-13 18:40:00 INFO  ebanking:24 - Click on the add new customer btn
2023-12-13 18:40:00 INFO  ebanking:26 - Enter customer name: bqrFtLtdlFcOKtN
2023-12-13 18:40:00 INFO  ebanking:28 - Enter customer gender
2023-12-13 18:40:00 INFO  ebanking:30 - Enter customer dob
2023-12-13 18:40:01 INFO  ebanking:32 - Enter customer address
2023-12-13 18:40:01 INFO  ebanking:34 - Enter customer city
2023-12-13 18:40:01 INFO  ebanking:36 - Enter customer state
2023-12-13 18:40:01 INFO  ebanking:38 - Enter customer pin code
2023-12-13 18:40:01 INFO  ebanking:40 - Enter customer telephone number
2023-12-13 18:40:01 INFO  ebanking:42 - Enter customer email
2023-12-13 18:40:01 INFO  ebanking:44 - Enter customer password
2023-12-13 18:40:01 INFO  ebanking:46 - Click submit btn
2023-12-13 18:45:40 INFO  ebanking:14 - URL is opened
2023-12-13 18:45:40 INFO  ebanking:17 - Entered username
2023-12-13 18:45:40 INFO  ebanking:19 - Entered password
2023-12-13 18:45:41 INFO  ebanking:26 - Login test passed
2023-12-13 18:45:41 INFO  ebanking:27 - **********
2023-12-13 18:45:46 INFO  ebanking:14 - Logging in
2023-12-13 18:45:47 INFO  ebanking:18 - User logged in
2023-12-13 18:45:47 INFO  ebanking:24 - Click on the add new customer btn
2023-12-13 18:45:48 INFO  ebanking:26 - Enter customer name: yakIuuCOnhnlkfW
2023-12-13 18:45:48 INFO  ebanking:28 - Enter customer gender
2023-12-13 18:45:48 INFO  ebanking:30 - Enter customer dob
2023-12-13 18:45:48 INFO  ebanking:32 - Enter customer address
2023-12-13 18:45:48 INFO  ebanking:34 - Enter customer city
2023-12-13 18:45:49 INFO  ebanking:36 - Enter customer state
2023-12-13 18:45:49 INFO  ebanking:38 - Enter customer pin code
2023-12-13 18:45:49 INFO  ebanking:40 - Enter customer telephone number
2023-12-13 18:45:49 INFO  ebanking:42 - Enter customer email
2023-12-13 18:45:49 INFO  ebanking:44 - Enter customer password
2023-12-13 18:45:49 INFO  ebanking:46 - Click submit btn
2023-12-13 18:47:32 INFO  ebanking:14 - URL is opened
2023-12-13 18:47:32 INFO  ebanking:17 - Entered username
2023-12-13 18:47:32 INFO  ebanking:19 - Entered password
2023-12-13 18:47:33 INFO  ebanking:26 - Login test passed
2023-12-13 18:47:33 INFO  ebanking:27 - **********
2023-12-13 18:47:39 INFO  ebanking:14 - Logging in
2023-12-13 18:47:40 INFO  ebanking:18 - User logged in
2023-12-13 18:47:40 INFO  ebanking:24 - Click on the add new customer btn
2023-12-13 18:47:40 INFO  ebanking:26 - Enter customer name: iirDQNKzhuaUUQE
2023-12-13 18:47:41 INFO  ebanking:28 - Enter customer gender
2023-12-13 18:47:41 INFO  ebanking:30 - Enter customer dob
2023-12-13 18:47:41 INFO  ebanking:32 - Enter customer address
2023-12-13 18:47:41 INFO  ebanking:34 - Enter customer city
2023-12-13 18:47:41 INFO  ebanking:36 - Enter customer state
2023-12-13 18:47:41 INFO  ebanking:38 - Enter customer pin code
2023-12-13 18:47:41 INFO  ebanking:40 - Enter customer telephone number
2023-12-13 18:47:41 INFO  ebanking:42 - Enter customer email
2023-12-13 18:47:42 INFO  ebanking:44 - Enter customer password
2023-12-13 18:47:42 INFO  ebanking:46 - Click submit btn
2023-12-13 19:09:02 INFO  ebanking:14 - URL is opened
2023-12-13 19:09:02 INFO  ebanking:17 - Entered username
2023-12-13 19:09:03 INFO  ebanking:19 - Entered password
2023-12-13 19:09:04 INFO  ebanking:26 - Login test passed
2023-12-13 19:09:04 INFO  ebanking:27 - **********
2023-12-13 19:09:11 INFO  ebanking:14 - Logging in
2023-12-13 19:09:13 INFO  ebanking:18 - User logged in
2023-12-13 19:09:13 INFO  ebanking:24 - Click on the add new customer btn
2023-12-13 19:09:14 INFO  ebanking:26 - Enter customer name: PGBXfJPkDJXXYUi
2023-12-13 19:09:14 INFO  ebanking:28 - Enter customer gender
2023-12-13 19:09:14 INFO  ebanking:30 - Enter customer dob
2023-12-13 19:09:15 INFO  ebanking:32 - Enter customer address
2023-12-13 19:09:15 INFO  ebanking:34 - Enter customer city
2023-12-13 19:09:15 INFO  ebanking:36 - Enter customer state
2023-12-13 19:09:15 INFO  ebanking:38 - Enter customer pin code
2023-12-13 19:09:15 INFO  ebanking:40 - Enter customer telephone number
2023-12-13 19:09:15 INFO  ebanking:42 - Enter customer email
2023-12-13 19:09:16 INFO  ebanking:44 - Enter customer password
2023-12-13 19:09:16 INFO  ebanking:46 - Click submit btn
2023-12-13 19:09:17 INFO  ebanking:55 - Customer Registered Successfully!!!
2023-12-13 19:23:48 INFO  ebanking:14 - URL is opened
2023-12-13 19:23:48 INFO  ebanking:17 - Entered username
2023-12-13 19:23:48 INFO  ebanking:19 - Entered password
2023-12-13 19:23:49 INFO  ebanking:26 - Login test passed
2023-12-13 19:23:49 INFO  ebanking:27 - **********
2023-12-13 19:25:18 INFO  ebanking:14 - URL is opened
2023-12-13 19:25:18 INFO  ebanking:17 - Entered username
2023-12-13 19:25:18 INFO  ebanking:19 - Entered password
2023-12-13 19:25:19 INFO  ebanking:24 - Login test passed
2023-12-13 19:25:26 INFO  ebanking:14 - Logging in
2023-12-13 19:25:27 INFO  ebanking:18 - User logged in
2023-12-13 19:25:27 INFO  ebanking:24 - Click on the add new customer btn
2023-12-13 19:25:28 INFO  ebanking:26 - Enter customer name: UsgLvcqJDkHrfOG
2023-12-13 19:25:29 INFO  ebanking:28 - Enter customer gender
2023-12-13 19:25:29 INFO  ebanking:30 - Enter customer dob
2023-12-13 19:25:29 INFO  ebanking:32 - Enter customer address
2023-12-13 19:25:29 INFO  ebanking:34 - Enter customer city
2023-12-13 19:25:29 INFO  ebanking:36 - Enter customer state
2023-12-13 19:25:29 INFO  ebanking:38 - Enter customer pin code
2023-12-13 19:25:30 INFO  ebanking:40 - Enter customer telephone number
2023-12-13 19:25:30 INFO  ebanking:42 - Enter customer email
2023-12-13 19:25:30 INFO  ebanking:44 - Enter customer password
2023-12-13 19:25:30 INFO  ebanking:46 - Click submit btn
2023-12-13 19:25:31 INFO  ebanking:55 - Customer Registered Successfully!!!
2023-12-13 20:12:08 INFO  ebanking:14 - URL is opened
2023-12-13 20:12:08 INFO  ebanking:17 - Entered username
2023-12-13 20:12:08 INFO  ebanking:19 - Entered password
2023-12-13 20:12:10 INFO  ebanking:24 - Login test passed
2023-12-13 20:12:19 INFO  ebanking:18 - Entered username
2023-12-13 20:12:19 INFO  ebanking:20 - Entered password
2023-12-13 20:12:25 INFO  ebanking:18 - Entered username
2023-12-13 20:12:25 INFO  ebanking:20 - Entered password
2023-12-13 20:12:30 INFO  ebanking:18 - Entered username
2023-12-13 20:12:30 INFO  ebanking:20 - Entered password
2023-12-13 20:12:36 INFO  ebanking:18 - Entered username
2023-12-13 20:12:36 INFO  ebanking:20 - Entered password
2023-12-13 20:12:41 INFO  ebanking:35 - Login test passed
2023-12-13 20:12:41 INFO  ebanking:36 - **********
2023-12-13 20:12:48 INFO  ebanking:14 - Logging in
2023-12-13 20:12:49 INFO  ebanking:18 - User logged in
2023-12-13 20:12:49 INFO  ebanking:24 - Click on the add new customer btn
2023-12-13 20:12:50 INFO  ebanking:26 - Enter customer name: LiIEwgMsALrDURG
2023-12-13 20:12:50 INFO  ebanking:28 - Enter customer gender
2023-12-13 20:12:50 INFO  ebanking:30 - Enter customer dob
2023-12-13 20:12:50 INFO  ebanking:32 - Enter customer address
2023-12-13 20:12:51 INFO  ebanking:34 - Enter customer city
2023-12-13 20:12:51 INFO  ebanking:36 - Enter customer state
2023-12-13 20:12:51 INFO  ebanking:38 - Enter customer pin code
2023-12-13 20:12:51 INFO  ebanking:40 - Enter customer telephone number
2023-12-13 20:12:51 INFO  ebanking:42 - Enter customer email
2023-12-13 20:12:51 INFO  ebanking:44 - Enter customer password
2023-12-13 20:12:51 INFO  ebanking:46 - Click submit btn
2023-12-13 20:18:15 INFO  ebanking:14 - URL is opened
2023-12-13 20:18:16 INFO  ebanking:17 - Entered username
2023-12-13 20:18:16 INFO  ebanking:19 - Entered password
2023-12-13 20:18:17 INFO  ebanking:24 - Login test passed
2023-12-13 20:18:26 INFO  ebanking:18 - Entered username
2023-12-13 20:18:26 INFO  ebanking:20 - Entered password
2023-12-13 20:18:32 INFO  ebanking:18 - Entered username
2023-12-13 20:18:32 INFO  ebanking:20 - Entered password
2023-12-13 20:18:37 INFO  ebanking:18 - Entered username
2023-12-13 20:18:37 INFO  ebanking:20 - Entered password
2023-12-13 20:18:43 INFO  ebanking:18 - Entered username
2023-12-13 20:18:43 INFO  ebanking:20 - Entered password
2023-12-13 20:18:48 INFO  ebanking:35 - Login test passed
2023-12-13 20:18:48 INFO  ebanking:36 - **********
2023-12-13 20:18:57 INFO  ebanking:14 - Logging in
2023-12-13 20:18:59 INFO  ebanking:18 - User logged in
2023-12-13 20:18:59 INFO  ebanking:24 - Click on the add new customer btn
2023-12-13 20:19:00 INFO  ebanking:26 - Enter customer name: uGfaUKEqnnIDfYG
2023-12-13 20:19:00 INFO  ebanking:28 - Enter customer gender
2023-12-13 20:19:01 INFO  ebanking:30 - Enter customer dob
2023-12-13 20:19:01 INFO  ebanking:32 - Enter customer address
2023-12-13 20:19:01 INFO  ebanking:34 - Enter customer city
2023-12-13 20:19:01 INFO  ebanking:36 - Enter customer state
2023-12-13 20:19:01 INFO  ebanking:38 - Enter customer pin code
2023-12-13 20:19:02 INFO  ebanking:40 - Enter customer telephone number
2023-12-13 20:19:02 INFO  ebanking:42 - Enter customer email
2023-12-13 20:19:02 INFO  ebanking:44 - Enter customer password
2023-12-13 20:19:02 INFO  ebanking:46 - Click submit btn
2023-12-13 20:19:04 INFO  ebanking:55 - Customer Registered Successfully!!!
2023-12-13 20:20:15 INFO  ebanking:14 - URL is opened
2023-12-13 20:20:15 INFO  ebanking:17 - Entered username
2023-12-13 20:20:15 INFO  ebanking:19 - Entered password
2023-12-13 20:20:17 INFO  ebanking:24 - Login test passed
2023-12-13 20:20:23 INFO  ebanking:14 - Logging in
2023-12-13 20:20:24 INFO  ebanking:18 - User logged in
2023-12-13 20:20:24 INFO  ebanking:24 - Click on the add new customer btn
2023-12-13 20:20:25 INFO  ebanking:26 - Enter customer name: JvKCwquLEBSDFzS
2023-12-13 20:20:25 INFO  ebanking:28 - Enter customer gender
2023-12-13 20:20:26 INFO  ebanking:30 - Enter customer dob
2023-12-13 20:20:26 INFO  ebanking:32 - Enter customer address
2023-12-13 20:20:26 INFO  ebanking:34 - Enter customer city
2023-12-13 20:20:26 INFO  ebanking:36 - Enter customer state
2023-12-13 20:20:26 INFO  ebanking:38 - Enter customer pin code
2023-12-13 20:20:26 INFO  ebanking:40 - Enter customer telephone number
2023-12-13 20:20:26 INFO  ebanking:42 - Enter customer email
2023-12-13 20:20:26 INFO  ebanking:44 - Enter customer password
2023-12-13 20:20:27 INFO  ebanking:46 - Click submit btn
2023-12-13 20:23:42 INFO  ebanking:14 - URL is opened
2023-12-13 20:23:42 INFO  ebanking:17 - Entered username
2023-12-13 20:23:43 INFO  ebanking:19 - Entered password
2023-12-13 20:23:44 INFO  ebanking:24 - Login test passed
2023-12-13 20:23:50 INFO  ebanking:14 - Logging in
2023-12-13 20:23:52 INFO  ebanking:18 - User logged in
2023-12-13 20:23:52 INFO  ebanking:24 - Click on the add new customer btn
2023-12-13 20:23:52 INFO  ebanking:26 - Enter customer name: truZlttQxaHSwAA
2023-12-13 20:23:52 INFO  ebanking:28 - Enter customer gender
2023-12-13 20:23:52 INFO  ebanking:30 - Enter customer dob
2023-12-13 20:23:53 INFO  ebanking:32 - Enter customer address
2023-12-13 20:23:53 INFO  ebanking:34 - Enter customer city
2023-12-13 20:23:53 INFO  ebanking:36 - Enter customer state
2023-12-13 20:23:53 INFO  ebanking:38 - Enter customer pin code
2023-12-13 20:23:53 INFO  ebanking:40 - Enter customer telephone number
2023-12-13 20:23:53 INFO  ebanking:42 - Enter customer email
2023-12-13 20:23:53 INFO  ebanking:44 - Enter customer password
2023-12-13 20:23:54 INFO  ebanking:46 - Click submit btn
2023-12-13 20:23:55 INFO  ebanking:55 - Customer Registered Successfully!!!
2023-12-13 20:28:06 INFO  ebanking:18 - Entered username
2023-12-13 20:28:06 INFO  ebanking:20 - Entered password
2023-12-13 20:28:07 WARN  ebanking:27 - Login failed
2023-12-13 20:28:07 INFO  ebanking:28 - **********
2023-12-13 20:28:08 INFO  ebanking:18 - Entered username
2023-12-13 20:28:08 INFO  ebanking:20 - Entered password
2023-12-13 20:28:09 WARN  ebanking:27 - Login failed
2023-12-13 20:28:09 INFO  ebanking:28 - **********
2023-12-13 20:28:09 INFO  ebanking:18 - Entered username
2023-12-13 20:28:09 INFO  ebanking:20 - Entered password
2023-12-13 20:28:10 WARN  ebanking:27 - Login failed
2023-12-13 20:28:10 INFO  ebanking:28 - **********
2023-12-13 20:28:10 INFO  ebanking:18 - Entered username
2023-12-13 20:28:11 INFO  ebanking:20 - Entered password
2023-12-13 20:28:11 INFO  ebanking:32 - Login test passed
2023-12-13 20:28:11 INFO  ebanking:33 - **********
2023-12-13 20:34:18 INFO  ebanking:18 - Entered username
2023-12-13 20:34:18 INFO  ebanking:20 - Entered password
2023-12-13 20:34:19 WARN  ebanking:27 - Login failed
2023-12-13 20:34:19 INFO  ebanking:28 - **********
2023-12-13 20:34:20 INFO  ebanking:18 - Entered username
2023-12-13 20:34:20 INFO  ebanking:20 - Entered password
2023-12-13 20:34:21 WARN  ebanking:27 - Login failed
2023-12-13 20:34:21 INFO  ebanking:28 - **********
2023-12-13 20:34:22 INFO  ebanking:18 - Entered username
2023-12-13 20:34:22 INFO  ebanking:20 - Entered password
2023-12-13 20:34:23 WARN  ebanking:27 - Login failed
2023-12-13 20:34:23 INFO  ebanking:28 - **********
2023-12-13 20:34:23 INFO  ebanking:18 - Entered username
2023-12-13 20:34:24 INFO  ebanking:20 - Entered password
2023-12-13 20:34:25 INFO  ebanking:32 - Login test passed
2023-12-13 20:34:25 INFO  ebanking:33 - **********
2023-12-13 20:37:40 INFO  ebanking:14 - URL is opened
2023-12-13 20:37:40 INFO  ebanking:17 - Entered username
2023-12-13 20:37:40 INFO  ebanking:19 - Entered password
2023-12-13 20:37:41 INFO  ebanking:24 - Login test passed
2023-12-13 20:37:51 INFO  ebanking:18 - Entered username
2023-12-13 20:37:51 INFO  ebanking:20 - Entered password
2023-12-13 20:37:52 WARN  ebanking:27 - Login failed
2023-12-13 20:37:52 INFO  ebanking:28 - **********
2023-12-13 20:37:53 INFO  ebanking:18 - Entered username
2023-12-13 20:37:53 INFO  ebanking:20 - Entered password
2023-12-13 20:37:54 WARN  ebanking:27 - Login failed
2023-12-13 20:37:54 INFO  ebanking:28 - **********
2023-12-13 20:37:55 INFO  ebanking:18 - Entered username
2023-12-13 20:37:55 INFO  ebanking:20 - Entered password
2023-12-13 20:37:56 WARN  ebanking:27 - Login failed
2023-12-13 20:37:56 INFO  ebanking:28 - **********
2023-12-13 20:37:57 INFO  ebanking:18 - Entered username
2023-12-13 20:37:57 INFO  ebanking:20 - Entered password
2023-12-13 20:37:58 INFO  ebanking:32 - Login test passed
2023-12-13 20:37:58 INFO  ebanking:33 - **********
2023-12-13 20:38:07 INFO  ebanking:14 - Logging in
2023-12-13 20:38:08 INFO  ebanking:18 - User logged in
2023-12-13 20:38:08 INFO  ebanking:24 - Click on the add new customer btn
2023-12-13 20:38:08 INFO  ebanking:26 - Enter customer name: nTYsXMMpCfmcDvU
2023-12-13 20:38:08 INFO  ebanking:28 - Enter customer gender
2023-12-13 20:38:08 INFO  ebanking:30 - Enter customer dob
2023-12-13 20:38:09 INFO  ebanking:32 - Enter customer address
2023-12-13 20:38:09 INFO  ebanking:34 - Enter customer city
2023-12-13 20:38:09 INFO  ebanking:36 - Enter customer state
2023-12-13 20:38:09 INFO  ebanking:38 - Enter customer pin code
2023-12-13 20:38:09 INFO  ebanking:40 - Enter customer telephone number
2023-12-13 20:38:09 INFO  ebanking:42 - Enter customer email
2023-12-13 20:38:10 INFO  ebanking:44 - Enter customer password
2023-12-13 20:38:10 INFO  ebanking:46 - Click submit btn
2023-12-13 21:25:30 INFO  ebanking:14 - URL is opened
2023-12-13 21:25:30 INFO  ebanking:17 - Entered username
2023-12-13 21:25:31 INFO  ebanking:19 - Entered password
2023-12-13 21:25:32 INFO  ebanking:24 - Login test passed
2023-12-13 21:25:42 INFO  ebanking:18 - Entered username
2023-12-13 21:25:43 INFO  ebanking:20 - Entered password
2023-12-13 21:25:44 WARN  ebanking:27 - Login failed
2023-12-13 21:25:44 INFO  ebanking:28 - **********
2023-12-13 21:25:45 INFO  ebanking:18 - Entered username
2023-12-13 21:25:45 INFO  ebanking:20 - Entered password
2023-12-13 21:25:46 WARN  ebanking:27 - Login failed
2023-12-13 21:25:46 INFO  ebanking:28 - **********
2023-12-13 21:25:46 INFO  ebanking:18 - Entered username
2023-12-13 21:25:46 INFO  ebanking:20 - Entered password
2023-12-13 21:25:47 WARN  ebanking:27 - Login failed
2023-12-13 21:25:47 INFO  ebanking:28 - **********
2023-12-13 21:25:48 INFO  ebanking:18 - Entered username
2023-12-13 21:25:48 INFO  ebanking:20 - Entered password
2023-12-13 21:25:49 INFO  ebanking:32 - Login test passed
2023-12-13 21:25:49 INFO  ebanking:33 - **********
2023-12-13 21:25:58 INFO  ebanking:14 - Logging in
2023-12-13 21:25:59 INFO  ebanking:18 - User logged in
2023-12-13 21:25:59 INFO  ebanking:24 - Click on the add new customer btn
2023-12-13 21:26:00 INFO  ebanking:26 - Enter customer name: tyuqYOKVXsDeaFw
2023-12-13 21:26:00 INFO  ebanking:28 - Enter customer gender
2023-12-13 21:26:00 INFO  ebanking:30 - Enter customer dob
2023-12-13 21:26:00 INFO  ebanking:32 - Enter customer address
2023-12-13 21:26:01 INFO  ebanking:34 - Enter customer city
2023-12-13 21:26:01 INFO  ebanking:36 - Enter customer state
2023-12-13 21:26:01 INFO  ebanking:38 - Enter customer pin code
2023-12-13 21:26:01 INFO  ebanking:40 - Enter customer telephone number
2023-12-13 21:26:01 INFO  ebanking:42 - Enter customer email
2023-12-13 21:26:01 INFO  ebanking:44 - Enter customer password
2023-12-13 21:26:01 INFO  ebanking:46 - Click submit btn
2023-12-13 21:26:02 INFO  ebanking:55 - Customer Registered Successfully!!!
